0 info it worked if it ends with ok
1 verbose cli [ '/Users/Raphael/.nvm/versions/node/v6.9.0/bin/node',
1 verbose cli   '/Users/Raphael/.nvm/versions/node/v6.9.0/bin/npm',
1 verbose cli   'start' ]
2 info using npm@3.10.8
3 info using node@v6.9.0
4 verbose run-script [ 'prestart', 'start', 'poststart' ]
5 info lifecycle proto_melusine@0.0.0~prestart: proto_melusine@0.0.0
6 silly lifecycle proto_melusine@0.0.0~prestart: no script for prestart, continuing
7 info lifecycle proto_melusine@0.0.0~start: proto_melusine@0.0.0
8 verbose lifecycle proto_melusine@0.0.0~start: unsafe-perm in lifecycle true
9 verbose lifecycle proto_melusine@0.0.0~start: PATH: /Users/Raphael/.nvm/versions/node/v6.9.0/lib/node_modules/npm/bin/node-gyp-bin:/Users/Raphael/Sites/proto_melusine/node_modules/.bin:/Users/Raphael/.nvm/versions/node/v6.9.0/bin:/Users/Raphael/anaconda/bin://anaconda/bin:/usr/bin/php:/usr/local/mysql/bin:/opt/local/bin:/opt/local/sbin:/Users/Raphael/Qt5.5.0/5.5/clang_64/bin:/opt/local/bin:/opt/local/sbin:/bin:/usr/local/bin:/usr/bin:/bin:/usr/sbin:/sbin:/usr/texbin:/Library/TeX/Distributions/.DefaultTeX/Contents/Programs/texbin:/Users/Raphael/Applications/Cast3M2015/bin:/:/Users/Raphael/Applications/Cast3M2016/bin
10 verbose lifecycle proto_melusine@0.0.0~start: CWD: /Users/Raphael/Sites/proto_melusine
11 silly lifecycle proto_melusine@0.0.0~start: Args: [ '-c', 'node src/' ]
12 silly lifecycle proto_melusine@0.0.0~start: Returned: code: 1  signal: null
13 info lifecycle proto_melusine@0.0.0~start: Failed to exec start script
14 verbose stack Error: proto_melusine@0.0.0 start: `node src/`
14 verbose stack Exit status 1
14 verbose stack     at EventEmitter.<anonymous> (/Users/Raphael/.nvm/versions/node/v6.9.0/lib/node_modules/npm/lib/utils/lifecycle.js:255:16)
14 verbose stack     at emitTwo (events.js:106:13)
14 verbose stack     at EventEmitter.emit (events.js:191:7)
14 verbose stack     at ChildProcess.<anonymous> (/Users/Raphael/.nvm/versions/node/v6.9.0/lib/node_modules/npm/lib/utils/spawn.js:40:14)
14 verbose stack     at emitTwo (events.js:106:13)
14 verbose stack     at ChildProcess.emit (events.js:191:7)
14 verbose stack     at maybeClose (internal/child_process.js:877:16)
14 verbose stack     at Process.ChildProcess._handle.onexit (internal/child_process.js:226:5)
15 verbose pkgid proto_melusine@0.0.0
16 verbose cwd /Users/Raphael/Sites/proto_melusine
17 error Darwin 16.1.0
18 error argv "/Users/Raphael/.nvm/versions/node/v6.9.0/bin/node" "/Users/Raphael/.nvm/versions/node/v6.9.0/bin/npm" "start"
19 error node v6.9.0
20 error npm  v3.10.8
21 error code ELIFECYCLE
22 error proto_melusine@0.0.0 start: `node src/`
22 error Exit status 1
23 error Failed at the proto_melusine@0.0.0 start script 'node src/'.
23 error Make sure you have the latest version of node.js and npm installed.
23 error If you do, this is most likely a problem with the proto_melusine package,
23 error not with npm itself.
23 error Tell the author that this fails on your system:
23 error     node src/
23 error You can get information on how to open an issue for this project with:
23 error     npm bugs proto_melusine
23 error Or if that isn't available, you can get their info via:
23 error     npm owner ls proto_melusine
23 error There is likely additional logging output above.
24 verbose exit [ 1, true ]
